c:\users\유병한\desktop\visual studio 2019 projects\gf-20171205\gameframework\debug\vc142.pdb
c:\users\유병한\desktop\visual studio 2019 projects\gf-20171205\gameframework\debug\vc142.idb
c:\users\유병한\desktop\visual studio 2019 projects\gf-20171205\gameframework\debug\wall.obj
c:\users\유병한\desktop\visual studio 2019 projects\gf-20171205\gameframework\debug\vector2d.obj
c:\users\유병한\desktop\visual studio 2019 projects\gf-20171205\gameframework\debug\uimanager.obj
c:\users\유병한\desktop\visual studio 2019 projects\gf-20171205\gameframework\debug\ui.obj
c:\users\유병한\desktop\visual studio 2019 projects\gf-20171205\gameframework\debug\texturemanager.obj
c:\users\유병한\desktop\visual studio 2019 projects\gf-20171205\gameframework\debug\sdlgameobject.obj
c:\users\유병한\desktop\visual studio 2019 projects\gf-20171205\gameframework\debug\player.obj
c:\users\유병한\desktop\visual studio 2019 projects\gf-20171205\gameframework\debug\main.obj
c:\users\유병한\desktop\visual studio 2019 projects\gf-20171205\gameframework\debug\inputhandler.obj
c:\users\유병한\desktop\visual studio 2019 projects\gf-20171205\gameframework\debug\game.obj
c:\users\유병한\desktop\visual studio 2019 projects\gf-20171205\gameframework\debug\uicleartime.obj
c:\users\유병한\desktop\visual studio 2019 projects\gf-20171205\gameframework\debug\goal.obj
c:\users\유병한\desktop\visual studio 2019 projects\gf-20171205\gameframework\debug\collisionmanager.obj
c:\users\유병한\desktop\visual studio 2019 projects\gf-20171205\gameframework\debug\camera.obj
c:\users\유병한\desktop\visual studio 2019 projects\gf-20171205\gameframework\debug\bullet.obj
c:\users\유병한\desktop\visual studio 2019 projects\gf-20171205\gameframework\debug\background.obj
c:\users\유병한\desktop\visual studio 2019 projects\gf-20171205\gameframework\debug\gameframework.exe
c:\users\유병한\desktop\visual studio 2019 projects\gf-20171205\gameframework\debug\gameframework.ilk
c:\users\유병한\desktop\visual studio 2019 projects\gf-20171205\gameframework\debug\gameframework.pdb
c:\users\yubyeonghan\desktop\visual studio 2019 projects\gf-20171205\gameframework\debug\background.obj
c:\users\yubyeonghan\desktop\visual studio 2019 projects\gf-20171205\gameframework\debug\bullet.obj
c:\users\yubyeonghan\desktop\visual studio 2019 projects\gf-20171205\gameframework\debug\camera.obj
c:\users\yubyeonghan\desktop\visual studio 2019 projects\gf-20171205\gameframework\debug\cleartime.obj
c:\users\yubyeonghan\desktop\visual studio 2019 projects\gf-20171205\gameframework\debug\collisionmanager.obj
c:\users\yubyeonghan\desktop\visual studio 2019 projects\gf-20171205\gameframework\debug\game.obj
c:\users\yubyeonghan\desktop\visual studio 2019 projects\gf-20171205\gameframework\debug\goal.obj
c:\users\yubyeonghan\desktop\visual studio 2019 projects\gf-20171205\gameframework\debug\inputhandler.obj
c:\users\yubyeonghan\desktop\visual studio 2019 projects\gf-20171205\gameframework\debug\main.obj
c:\users\yubyeonghan\desktop\visual studio 2019 projects\gf-20171205\gameframework\debug\player.obj
c:\users\yubyeonghan\desktop\visual studio 2019 projects\gf-20171205\gameframework\debug\sdlgameobject.obj
c:\users\yubyeonghan\desktop\visual studio 2019 projects\gf-20171205\gameframework\debug\texturemanager.obj
c:\users\yubyeonghan\desktop\visual studio 2019 projects\gf-20171205\gameframework\debug\ui.obj
c:\users\yubyeonghan\desktop\visual studio 2019 projects\gf-20171205\gameframework\debug\uicleartime.obj
c:\users\yubyeonghan\desktop\visual studio 2019 projects\gf-20171205\gameframework\debug\uimanager.obj
c:\users\yubyeonghan\desktop\visual studio 2019 projects\gf-20171205\gameframework\debug\vector2d.obj
c:\users\yubyeonghan\desktop\visual studio 2019 projects\gf-20171205\gameframework\debug\wall.obj
c:\users\yubyeonghan\desktop\visual studio 2019 projects\gf-20171205\gameframework\debug\gameframework.ilk
c:\users\yubyeonghan\desktop\visual studio 2019 projects\gf-20171205\gameframework\debug\vc142.idb
c:\users\yubyeonghan\desktop\visual studio 2019 projects\gf-20171205\gameframework\debug\gameframework.pdb
c:\users\yubyeonghan\desktop\visual studio 2019 projects\gf-20171205\gameframework\debug\vc142.pdb
c:\users\yubyeonghan\desktop\visual studio 2019 projects\gf-20171205\gameframework\debug\gameframework.exe
c:\users\yubyeonghan\desktop\visual studio 2019 projects\gf-20171205\gameframework\debug\gameframework.tlog\cl.command.1.tlog
c:\users\yubyeonghan\desktop\visual studio 2019 projects\gf-20171205\gameframework\debug\gameframework.tlog\cl.read.1.tlog
c:\users\yubyeonghan\desktop\visual studio 2019 projects\gf-20171205\gameframework\debug\gameframework.tlog\cl.write.1.tlog
c:\users\yubyeonghan\desktop\visual studio 2019 projects\gf-20171205\gameframework\debug\gameframework.tlog\link.command.1.tlog
c:\users\yubyeonghan\desktop\visual studio 2019 projects\gf-20171205\gameframework\debug\gameframework.tlog\link.read.1.tlog
c:\users\yubyeonghan\desktop\visual studio 2019 projects\gf-20171205\gameframework\debug\gameframework.tlog\link.write.1.tlog
